Yolobile(Pytorch)/app/build/intermediates/manifest_merge_blame_file/debug/manifest-merger-blame-debug-report.txt
1<?xml version="1.0" encoding="utf-8"?>
2<manifest xmlns:android="http://schemas.android.com/apk/res/android"
3    package="org.pytorch.demo.objectdetection"
4    android:versionCode="1"
5    android:versionName="1.0" >
6
7    <uses-sdk
8        android:minSdkVersion="28"
8-->src\main\AndroidManifest.xml
9        android:targetSdkVersion="30" />
9-->src\main\AndroidManifest.xml
10
11    <uses-permission android:name="android.permission.READ_EXTERNAL_STORAGE" />
11-->src\main\AndroidManifest.xml:5:5-80
11-->src\main\AndroidManifest.xml:5:22-77
12    <uses-permission android:name="android.permission.CAMERA" />
12-->src\main\AndroidManifest.xml:6:5-65
12-->src\main\AndroidManifest.xml:6:22-62
13    <uses-permission android:name="android.permission.VIBRATE" />
13-->src\main\AndroidManifest.xml:7:5-66
13-->src\main\AndroidManifest.xml:7:22-63
14
15    <application
15-->src\main\AndroidManifest.xml:9:5-30:19
16        android:allowBackup="true"
16-->src\main\AndroidManifest.xml:10:9-35
17        android:appComponentFactory="androidx.core.app.CoreComponentFactory"
17-->[androidx.core:core:1.3.1] AndroidManifest.xml:24:18-86
18        android:debuggable="true"
19        android:extractNativeLibs="false"
20        android:icon="@mipmap/ic_launcher"
20-->src\main\AndroidManifest.xml:11:9-43
21        android:label="@string/app_name"
21-->src\main\AndroidManifest.xml:12:9-41
22        android:roundIcon="@mipmap/ic_launcher_round"
22-->src\main\AndroidManifest.xml:13:9-54
23        android:supportsRtl="true"
23-->src\main\AndroidManifest.xml:14:9-35
24        android:testOnly="true"
25        android:theme="@style/AppTheme" >
25-->src\main\AndroidManifest.xml:15:9-40
26        <activity
26-->src\main\AndroidManifest.xml:16:9-25:20
27            android:name="org.pytorch.demo.objectdetection.MainActivity"
27-->src\main\AndroidManifest.xml:17:13-41
28            android:configChanges="orientation"
28-->src\main\AndroidManifest.xml:18:13-48
29            android:screenOrientation="portrait" >
29-->src\main\AndroidManifest.xml:19:13-49
30            <intent-filter>
30-->src\main\AndroidManifest.xml:20:13-24:29
31                <action android:name="android.intent.action.MAIN" />
31-->src\main\AndroidManifest.xml:21:17-69
31-->src\main\AndroidManifest.xml:21:25-66
32
33                <category android:name="android.intent.category.LAUNCHER" />
33-->src\main\AndroidManifest.xml:23:17-77
33-->src\main\AndroidManifest.xml:23:27-74
34            </intent-filter>
35        </activity>
36        <activity
36-->src\main\AndroidManifest.xml:26:9-29:61
37            android:name="org.pytorch.demo.objectdetection.ObjectDetectionActivity"
37-->src\main\AndroidManifest.xml:27:13-52
38            android:configChanges="orientation"
38-->src\main\AndroidManifest.xml:28:13-48
39            android:screenOrientation="portrait" />
39-->src\main\AndroidManifest.xml:29:13-49
40
41        <provider
41-->[androidx.camera:camera-camera2:1.0.0-alpha05] AndroidManifest.xml:25:9-30:43
42            android:name="androidx.camera.camera2.impl.Camera2Initializer"
42-->[androidx.camera:camera-camera2:1.0.0-alpha05] AndroidManifest.xml:26:13-75
43            android:authorities="org.pytorch.demo.objectdetection.camerax-init"
43-->[androidx.camera:camera-camera2:1.0.0-alpha05] AndroidManifest.xml:27:13-64
44            android:exported="false"
44-->[androidx.camera:camera-camera2:1.0.0-alpha05] AndroidManifest.xml:28:13-37
45            android:initOrder="100"
45-->[androidx.camera:camera-camera2:1.0.0-alpha05] AndroidManifest.xml:29:13-36
46            android:multiprocess="true" />
46-->[androidx.camera:camera-camera2:1.0.0-alpha05] AndroidManifest.xml:30:13-40
47    </application>
48
49</manifest>